Performing C SOURCE FILE Test CMAKE_HAVE_LIBC_PTHREAD failed with the following output:
Change Dir: /home/nikita/lab-02-if-else-for-while/cmake-build-debug/CMakeFiles/CMakeTmp

Run Build Command(s):/usr/bin/make cmTC_98608/fast && /usr/bin/make  -f CMakeFiles/cmTC_98608.dir/build.make CMakeFiles/cmTC_98608.dir/build
make[1]: вход в каталог «/home/nikita/lab-02-if-else-for-while/cmake-build-debug/CMakeFiles/CMakeTmp»
Building C object CMakeFiles/cmTC_98608.dir/src.c.o
/usr/bin/cc   -DCMAKE_HAVE_LIBC_PTHREAD   -o CMakeFiles/cmTC_98608.dir/src.c.o   -c /home/nikita/lab-02-if-else-for-while/cmake-build-debug/CMakeFiles/CMakeTmp/src.c
Linking C executable cmTC_98608
/snap/clion/126/bin/cmake/linux/bin/cmake -E cmake_link_script CMakeFiles/cmTC_98608.dir/link.txt --verbose=1
/usr/bin/cc  -DCMAKE_HAVE_LIBC_PTHREAD    -rdynamic CMakeFiles/cmTC_98608.dir/src.c.o  -o cmTC_98608 
/usr/bin/ld: CMakeFiles/cmTC_98608.dir/src.c.o: в функции «main»:
src.c:(.text+0x46): неопределённая ссылка на «pthread_create»
/usr/bin/ld: src.c:(.text+0x52): неопределённая ссылка на «pthread_detach»
/usr/bin/ld: src.c:(.text+0x5e): неопределённая ссылка на «pthread_cancel»
/usr/bin/ld: src.c:(.text+0x6f): неопределённая ссылка на «pthread_join»
collect2: error: ld returned 1 exit status
make[1]: *** [CMakeFiles/cmTC_98608.dir/build.make:107: cmTC_98608] Ошибка 1
make[1]: выход из каталога «/home/nikita/lab-02-if-else-for-while/cmake-build-debug/CMakeFiles/CMakeTmp»
make: *** [Makefile:141: cmTC_98608/fast] Ошибка 2


Source file was:
#include <pthread.h>

void* test_func(void* data)
{
  return data;
}

int main(void)
{
  pthread_t thread;
  pthread_create(&thread, NULL, test_func, NULL);
  pthread_detach(thread);
  pthread_cancel(thread);
  pthread_join(thread, NULL);
  pthread_atfork(NULL, NULL, NULL);
  pthread_exit(NULL);

  return 0;
}

Determining if the function pthread_create exists in the pthreads failed with the following output:
Change Dir: /home/nikita/lab-02-if-else-for-while/cmake-build-debug/CMakeFiles/CMakeTmp

Run Build Command(s):/usr/bin/make cmTC_3f7c4/fast && /usr/bin/make  -f CMakeFiles/cmTC_3f7c4.dir/build.make CMakeFiles/cmTC_3f7c4.dir/build
make[1]: вход в каталог «/home/nikita/lab-02-if-else-for-while/cmake-build-debug/CMakeFiles/CMakeTmp»
Building C object CMakeFiles/cmTC_3f7c4.dir/CheckFunctionExists.c.o
/usr/bin/cc   -DCHECK_FUNCTION_EXISTS=pthread_create   -o CMakeFiles/cmTC_3f7c4.dir/CheckFunctionExists.c.o   -c /snap/clion/126/bin/cmake/linux/share/cmake-3.17/Modules/CheckFunctionExists.c
Linking C executable cmTC_3f7c4
/snap/clion/126/bin/cmake/linux/bin/cmake -E cmake_link_script CMakeFiles/cmTC_3f7c4.dir/link.txt --verbose=1
/usr/bin/cc  -DCHECK_FUNCTION_EXISTS=pthread_create    -rdynamic CMakeFiles/cmTC_3f7c4.dir/CheckFunctionExists.c.o  -o cmTC_3f7c4  -lpthreads 
/usr/bin/ld: невозможно найти -lpthreads
collect2: error: ld returned 1 exit status
make[1]: *** [CMakeFiles/cmTC_3f7c4.dir/build.make:107: cmTC_3f7c4] Ошибка 1
make[1]: выход из каталога «/home/nikita/lab-02-if-else-for-while/cmake-build-debug/CMakeFiles/CMakeTmp»
make: *** [Makefile:141: cmTC_3f7c4/fast] Ошибка 2



